<?xml version="1.0" encoding="UTF-8"?>
<testng-results skipped="0" failed="0" total="1" passed="1">
  <reporter-output>
  </reporter-output>
  <suite name="Default suite" duration-ms="48136" started-at="2019-07-04T01:20:45Z" finished-at="2019-07-04T01:21:33Z">
    <groups>
    </groups>
    <test name="Default test" duration-ms="48136" started-at="2019-07-04T01:20:45Z" finished-at="2019-07-04T01:21:33Z">
      <class name="com.jtv.qa.TestCases.CreateAccountPageTest">
        <test-method status="PASS" signature="startBrowser()[pri:0, instance:com.jtv.qa.TestCases.CreateAccountPageTest@23ceabc1]" name="startBrowser" is-config="true" duration-ms="38075" started-at="2019-07-04T11:20:45Z" finished-at="2019-07-04T11:21:23Z">
          <reporter-output>
          </reporter-output>
        </test-method> <!-- startBrowser -->
        <test-method status="PASS" signature="letsLogin()[pri:0, instance:com.jtv.qa.TestCases.CreateAccountPageTest@23ceabc1]" name="letsLogin" duration-ms="9990" started-at="2019-07-04T11:21:23Z" finished-at="2019-07-04T11:21:33Z">
          <reporter-output>
          </reporter-output>
        </test-method> <!-- letsLogin -->
      </class> <!-- com.jtv.qa.TestCases.CreateAccountPageTest -->
    </test> <!-- Default test -->
  </suite> <!-- Default suite -->
</testng-results>
